<?xml version="1.0" encoding="UTF-8"?><testrun name="TestRunner" project="FirstBDDProject" tests="1" started="1" failures="0" errors="1" ignored="0">
  <testsuite name="tapanhpandya.Runner.TestRunner" time="16.545">
    <testsuite name="Purchase product from Ecommerce website" time="16.545">
      <testcase name="Purchase a product from an Ecommerce website" classname="Purchase product from Ecommerce website" time="16.545">
        <error>io.cucumber.junit.UndefinedStepException: The step 'user clicks to "//button[text()='Checkout']" button.' and 1 other step(s) are undefined.
You can implement these steps using the snippet(s) below:

@Then("user clicks to {string} button.")
public void user_clicks_to_button(String string) {
    // Write code here that turns the phrase above into concrete actions
    throw new io.cucumber.java.PendingException();
}
@Then("user finally {string}.")
public void user_finally(String string) {
    // Write code here that turns the phrase above into concrete actions
    throw new io.cucumber.java.PendingException();
}
&#13;
&#13;
</error>
      </testcase>
    </testsuite>
  </testsuite>
</testrun>
