<?xml version="1.0" encoding="UTF-8"?><testrun name="TestRunner" project="FirstBDDProject" tests="1" started="1" failures="0" errors="1" ignored="0">
  <testsuite name="tapanhpandya.Runner.TestRunner" time="4.559">
    <testsuite name="Free CRM Login Feature" time="4.56">
      <testcase name="Fee CRM Login Test Scenario" classname="Free CRM Login Feature" time="4.56">
        <error>io.cucumber.junit.UndefinedStepException: The step 'User enters username and password' and 2 other step(s) are undefined.
You can implement these steps using the snippet(s) below:

@Then("User enters username and password")
public void user_enters_username_and_password() {
    // Write code here that turns the phrase above into concrete actions
    throw new io.cucumber.java.PendingException();
}
@Then("User clicks on login button")
public void user_clicks_on_login_button() {
    // Write code here that turns the phrase above into concrete actions
    throw new io.cucumber.java.PendingException();
}
@Then("user is on home page.")
public void user_is_on_home_page() {
    // Write code here that turns the phrase above into concrete actions
    throw new io.cucumber.java.PendingException();
}
&#13;
&#13;
</error>
      </testcase>
    </testsuite>
  </testsuite>
</testrun>
